This is pdfTeX, Version 3.14159265-2.6-1.40.16 (TeX Live 2015/Debian) (preloaded format=pdflatex 2019.9.2)  18 OCT 2020 17:08
entering extended mode
 restricted \write18 enabled.
 file:line:error style messages enabled.
 %&-line parsing enabled.
**/home/raaj/adapfusion/tex/cvpr.tex
(/home/raaj/adapfusion/tex/cvpr.tex
LaTeX2e <2016/02/01>
Babel <3.9q> and hyphenation patterns for 3 language(s) loaded.
(/home/raaj/adapfusion/tex/cvpr.cls
Document Class: cvpr 2020/5/16 Example LaTex class for IEEE CVPR
(/usr/share/texlive/texmf-dist/tex/latex/base/article.cls
Document Class: article 2014/09/29 v1.4h Standard LaTeX document class
(/usr/share/texlive/texmf-dist/tex/latex/base/size10.clo
File: size10.clo 2014/09/29 v1.4h Standard LaTeX file (size option)
)
\c@part=\count79
\c@section=\count80
\c@subsection=\count81
\c@subsubsection=\count82
\c@paragraph=\count83
\c@subparagraph=\count84
\c@figure=\count85
\c@table=\count86
\abovecaptionskip=\skip41
\belowcaptionskip=\skip42
\bibindent=\dimen102
) (/usr/share/texlive/texmf-dist/tex/latex/tools/xspace.sty
Package: xspace 2014/10/28 v1.13 Space after command names (DPC,MH)
) (/usr/share/texlive/texmf-dist/tex/latex/silence/silence.sty
Package: silence 2012/07/02 v1.5b Selective filtering of warnings and error messages
\sl@Save=\count87
\sl@StateNumber=\count88
\sl@MessageCount=\count89
\sl@Casualties=\count90
\sl@Filter=\toks14
\sl@Message=\toks15
\sl@UnexpandedMessage=\toks16
\sl@Mess@ge=\toks17
\sl@WarningCount=\count91
\sl@WarningNumber=\count92
\sl@WarningCasualties=\count93
\sl@TempBOW=\toks18
\sl@BankOfWarnings=\toks19
LaTeX Info: Redefining \GenericWarning on input line 433.
\sl@ErrorCount=\count94
\sl@ErrorNumber=\count95
\sl@ErrorCasualties=\count96
\sl@TempBOE=\toks20
\sl@BankOfErrors=\toks21
LaTeX Info: Redefining \GenericError on input line 601.
) (/usr/share/texlive/texmf-dist/tex/latex/etoolbox/etoolbox.sty
Package: etoolbox 2015/08/02 v2.2a e-TeX tools for LaTeX (JAW)
\etb@tempcnta=\count97
) (/usr/share/texlive/texmf-dist/tex/latex/url/url.sty
\Urlmuskip=\muskip10
Package: url 2013/09/16  ver 3.4  Verb mode for urls, etc.
) (/usr/share/texlive/texmf-dist/tex/latex/graphics/keyval.sty
Package: keyval 2014/10/28 v1.15 key=value parser (DPC)
\KV@toks@=\toks22
)
CVPR 8.5 x 11-Inch Proceedings Style `cvpr.sty'.
\@ctmp=\skip43
\@figindent=\skip44
\cvprrulerbox=\box26
\cvprrulercount=\count98
\cvprruleroffset=\dimen103
\cv@lineheight=\dimen104
\cv@boxheight=\dimen105
\cv@tmpbox=\box27
\cv@refno=\count99
\cv@tot=\count100
\cv@tmpc@=\count101
\cv@tmpc=\count102
) (/usr/share/texlive/texmf-dist/tex/latex/psnfss/times.sty
Package: times 2005/04/12 PSNFSS-v9.2a (SPQR) 
) (/usr/share/texlive/texmf-dist/tex/latex/graphics/epsfig.sty
Package: epsfig 1999/02/16 v1.7a (e)psfig emulation (SPQR)
 (/usr/share/texlive/texmf-dist/tex/latex/graphics/graphicx.sty
Package: graphicx 2014/10/28 v1.0g Enhanced LaTeX Graphics (DPC,SPQR)
 (/usr/share/texlive/texmf-dist/tex/latex/graphics/graphics.sty
Package: graphics 2016/01/03 v1.0q Standard LaTeX Graphics (DPC,SPQR)
 (/usr/share/texlive/texmf-dist/tex/latex/graphics/trig.sty
Package: trig 2016/01/03 v1.10 sin cos tan (DPC)
) (/usr/share/texlive/texmf-dist/tex/latex/latexconfig/graphics.cfg
File: graphics.cfg 2010/04/23 v1.9 graphics configuration of TeX Live
)
Package graphics Info: Driver file: pdftex.def on input line 95.
 (/usr/share/texlive/texmf-dist/tex/latex/pdftex-def/pdftex.def
File: pdftex.def 2011/05/27 v0.06d Graphics/color for pdfTeX
 (/usr/share/texlive/texmf-dist/tex/generic/oberdiek/infwarerr.sty
Package: infwarerr 2010/04/08 v1.3 Providing info/warning/error messages (HO)
) (/usr/share/texlive/texmf-dist/tex/generic/oberdiek/ltxcmds.sty
Package: ltxcmds 2011/11/09 v1.22 LaTeX kernel commands for general use (HO)
)
\Gread@gobject=\count103
))
\Gin@req@height=\dimen106
\Gin@req@width=\dimen107
)
\epsfxsize=\dimen108
\epsfysize=\dimen109
) (/usr/share/texlive/texmf-dist/tex/latex/amsmath/amsmath.sty
Package: amsmath 2016/03/03 v2.15a AMS math features
\@mathmargin=\skip45

For additional information on amsmath, use the `?' option.
(/usr/share/texlive/texmf-dist/tex/latex/amsmath/amstext.sty
Package: amstext 2000/06/29 v2.01 AMS text
 (/usr/share/texlive/texmf-dist/tex/latex/amsmath/amsgen.sty
File: amsgen.sty 1999/11/30 v2.0 generic functions
\@emptytoks=\toks23
\ex@=\dimen110
)) (/usr/share/texlive/texmf-dist/tex/latex/amsmath/amsbsy.sty
Package: amsbsy 1999/11/29 v1.2d Bold Symbols
\pmbraise@=\dimen111
) (/usr/share/texlive/texmf-dist/tex/latex/amsmath/amsopn.sty
Package: amsopn 1999/12/14 v2.01 operator names
)
\inf@bad=\count104
LaTeX Info: Redefining \frac on input line 199.
\uproot@=\count105
\leftroot@=\count106
LaTeX Info: Redefining \overline on input line 297.
\classnum@=\count107
\DOTSCASE@=\count108
LaTeX Info: Redefining \ldots on input line 394.
LaTeX Info: Redefining \dots on input line 397.
LaTeX Info: Redefining \cdots on input line 518.
\Mathstrutbox@=\box28
\strutbox@=\box29
\big@size=\dimen112
LaTeX Font Info:    Redeclaring font encoding OML on input line 630.
LaTeX Font Info:    Redeclaring font encoding OMS on input line 631.
\macc@depth=\count109
\c@MaxMatrixCols=\count110
\dotsspace@=\muskip11
\c@parentequation=\count111
\dspbrk@lvl=\count112
\tag@help=\toks24
\row@=\count113
\column@=\count114
\maxfields@=\count115
\andhelp@=\toks25
\eqnshift@=\dimen113
\alignsep@=\dimen114
\tagshift@=\dimen115
\tagwidth@=\dimen116
\totwidth@=\dimen117
\lineht@=\dimen118
\@envbody=\toks26
\multlinegap=\skip46
\multlinetaggap=\skip47
\mathdisplay@stack=\toks27
LaTeX Info: Redefining \[ on input line 2735.
LaTeX Info: Redefining \] on input line 2736.
) (/usr/share/texlive/texmf-dist/tex/latex/amsfonts/amssymb.sty
Package: amssymb 2013/01/14 v3.01 AMS font symbols
 (/usr/share/texlive/texmf-dist/tex/latex/amsfonts/amsfonts.sty
Package: amsfonts 2013/01/14 v3.01 Basic AMSFonts support
\symAMSa=\mathgroup4
\symAMSb=\mathgroup5
LaTeX Font Info:    Overwriting math alphabet `\mathfrak' in version `bold'
(Font)                  U/euf/m/n --> U/euf/b/n on input line 106.
)) (/usr/share/texlive/texmf-dist/tex/latex/caption/caption.sty
Package: caption 2016/02/21 v3.3-144 Customizing captions (AR)
 (/usr/share/texlive/texmf-dist/tex/latex/caption/caption3.sty
Package: caption3 2016/02/04 v1.7-139 caption3 kernel (AR)
Package caption3 Info: TeX engine: e-TeX on input line 67.
\captionmargin=\dimen119
\captionmargin@=\dimen120
\captionwidth=\dimen121
\caption@tempdima=\dimen122
\caption@indent=\dimen123
\caption@parindent=\dimen124
\caption@hangindent=\dimen125
Package caption Info: Unknown document class (or package),
(caption)             standard defaults will be used.
)

Package caption Warning: Unsupported document class (or package) detected,
(caption)                usage of the caption package is not recommended.
See the caption package documentation for explanation.

Package caption Info: \@makecaption = \long macro:#1#2-> \setbox \@tempboxa \hbox {\small \noindent #1.~#2} \setlength {\@ctmp }{\hsize } \addtolength {\@ctmp }{-\@figindent }\addtolength {\@ctmp }{-\@figindent } \ifdim \wd \@tempboxa >\@ctmp {\small #1.~#2\par } \else \hbox to\hsize {\hfil \box \@tempboxa \hfil } \fi .
\c@ContinuedFloat=\count116
) (/usr/share/texlive/texmf-dist/tex/latex/caption/subcaption.sty
Package: subcaption 2016/02/20 v1.1-142 Sub-captions (AR)
\c@subfigure=\count117
\c@subtable=\count118
) (/usr/share/texlive/texmf-dist/tex/latex/was/gensymb.sty
Package: gensymb 2003/07/02 v1.0 (WaS)
) (/usr/share/texlive/texmf-dist/tex/latex/oberdiek/stackrel.sty
Package: stackrel 2007/11/11 v1.2 Adding subscript option to stackrel (HO)
 (/usr/share/texlive/texmf-dist/tex/generic/oberdiek/etexcmds.sty
Package: etexcmds 2011/02/16 v1.5 Avoid name clashes with e-TeX commands (HO)
 (/usr/share/texlive/texmf-dist/tex/generic/oberdiek/ifluatex.sty
Package: ifluatex 2010/03/01 v1.3 Provides the ifluatex switch (HO)
Package ifluatex Info: LuaTeX not detected.
)
Package etexcmds Info: Could not find \expanded.
(etexcmds)             That can mean that you are not using pdfTeX 1.50 or
(etexcmds)             that some package has redefined \expanded.
(etexcmds)             In the latter case, load this package earlier.
) (/usr/share/texlive/texmf-dist/tex/generic/oberdiek/pdftexcmds.sty
Package: pdftexcmds 2011/11/29 v0.20 Utility functions of pdfTeX for LuaTeX (HO)
 (/usr/share/texlive/texmf-dist/tex/generic/oberdiek/ifpdf.sty
Package: ifpdf 2011/01/30 v2.3 Provides the ifpdf switch (HO)
Package ifpdf Info: pdfTeX in PDF mode is detected.
)
Package pdftexcmds Info: LuaTeX not detected.
Package pdftexcmds Info: \pdf@primitive is available.
Package pdftexcmds Info: \pdf@ifprimitive is available.
Package pdftexcmds Info: \pdfdraftmode found.
)) (/usr/share/texlive/texmf-dist/tex/latex/hyperref/hyperref.sty
Package: hyperref 2012/11/06 v6.83m Hypertext links for LaTeX
 (/usr/share/texlive/texmf-dist/tex/generic/oberdiek/hobsub-hyperref.sty
Package: hobsub-hyperref 2012/05/28 v1.13 Bundle oberdiek, subset hyperref (HO)
 (/usr/share/texlive/texmf-dist/tex/generic/oberdiek/hobsub-generic.sty
Package: hobsub-generic 2012/05/28 v1.13 Bundle oberdiek, subset generic (HO)
Package: hobsub 2012/05/28 v1.13 Construct package bundles (HO)
Package hobsub Info: Skipping package `infwarerr' (already loaded).
Package hobsub Info: Skipping package `ltxcmds' (already loaded).
Package hobsub Info: Skipping package `ifluatex' (already loaded).
Package: ifvtex 2010/03/01 v1.5 Detect VTeX and its facilities (HO)
Package ifvtex Info: VTeX not detected.
Package: intcalc 2007/09/27 v1.1 Expandable calculations with integers (HO)
Package hobsub Info: Skipping package `ifpdf' (already loaded).
Package hobsub Info: Skipping package `etexcmds' (already loaded).
Package: kvsetkeys 2012/04/25 v1.16 Key value parser (HO)
Package: kvdefinekeys 2011/04/07 v1.3 Define keys (HO)
Package hobsub Info: Skipping package `pdftexcmds' (already loaded).
Package: pdfescape 2011/11/25 v1.13 Implements pdfTeX's escape features (HO)
Package: bigintcalc 2012/04/08 v1.3 Expandable calculations on big integers (HO)
Package: bitset 2011/01/30 v1.1 Handle bit-vector datatype (HO)
Package: uniquecounter 2011/01/30 v1.2 Provide unlimited unique counter (HO)
)
Package hobsub Info: Skipping package `hobsub' (already loaded).
Package: letltxmacro 2010/09/02 v1.4 Let assignment for LaTeX macros (HO)
Package: hopatch 2012/05/28 v1.2 Wrapper for package hooks (HO)
Package: xcolor-patch 2011/01/30 xcolor patch
Package: atveryend 2011/06/30 v1.8 Hooks at the very end of document (HO)
Package: atbegshi 2011/10/05 v1.16 At begin shipout hook (HO)
Package: refcount 2011/10/16 v3.4 Data extraction from label references (HO)
Package: hycolor 2011/01/30 v1.7 Color options for hyperref/bookmark (HO)
) (/usr/share/texlive/texmf-dist/tex/generic/ifxetex/ifxetex.sty
Package: ifxetex 2010/09/12 v0.6 Provides ifxetex conditional
) (/usr/share/texlive/texmf-dist/tex/latex/oberdiek/auxhook.sty
Package: auxhook 2011/03/04 v1.3 Hooks for auxiliary files (HO)
) (/usr/share/texlive/texmf-dist/tex/latex/oberdiek/kvoptions.sty
Package: kvoptions 2011/06/30 v3.11 Key value format for package options (HO)
)
\@linkdim=\dimen126
\Hy@linkcounter=\count119
\Hy@pagecounter=\count120
 (/usr/share/texlive/texmf-dist/tex/latex/hyperref/pd1enc.def
File: pd1enc.def 2012/11/06 v6.83m Hyperref: PDFDocEncoding definition (HO)
)
\Hy@SavedSpaceFactor=\count121
 (/usr/share/texlive/texmf-dist/tex/latex/latexconfig/hyperref.cfg
File: hyperref.cfg 2002/06/06 v1.2 hyperref configuration of TeXLive
)
Package hyperref Info: Option `breaklinks' set `true' on input line 4319.
Package hyperref Info: Option `colorlinks' set `true' on input line 4319.
Package hyperref Info: Option `bookmarks' set `false' on input line 4319.
Package hyperref Info: Hyper figures OFF on input line 4443.
Package hyperref Info: Link nesting OFF on input line 4448.
Package hyperref Info: Hyper index ON on input line 4451.
Package hyperref Info: Plain pages OFF on input line 4458.
Package hyperref Info: Backreferencing ON on input line 4461.
Package hyperref Info: Implicit mode ON; LaTeX internals redefined.
Package hyperref Info: Bookmarks OFF on input line 4694.
 (/usr/share/texlive/texmf-dist/tex/latex/hyperref/backref.sty
Package: backref 2012/07/25 v1.38 Bibliographical back referencing
 (/usr/share/texlive/texmf-dist/tex/latex/oberdiek/rerunfilecheck.sty
Package: rerunfilecheck 2011/04/15 v1.7 Rerun checks for auxiliary files (HO)
Package uniquecounter Info: New unique counter `rerunfilecheck' on input line 282.
))
\c@Hy@tempcnt=\count122
LaTeX Info: Redefining \url on input line 5041.
\XeTeXLinkMargin=\dimen127
\Fld@menulength=\count123
\Field@Width=\dimen128
\Fld@charsize=\dimen129
Package hyperref Info: Hyper figures OFF on input line 6295.
Package hyperref Info: Link nesting OFF on input line 6300.
Package hyperref Info: Hyper index ON on input line 6303.
Package hyperref Info: backreferencing ON on input line 6308.
Package hyperref Info: Link coloring ON on input line 6313.
Package hyperref Info: Link coloring with OCG OFF on input line 6320.
Package hyperref Info: PDF/A mode OFF on input line 6325.
LaTeX Info: Redefining \ref on input line 6365.
LaTeX Info: Redefining \pageref on input line 6369.
\Hy@abspage=\count124
\c@Item=\count125
\c@Hfootnote=\count126
)

Package hyperref Message: Driver (autodetected): hpdftex.

(/usr/share/texlive/texmf-dist/tex/latex/hyperref/hpdftex.def
File: hpdftex.def 2012/11/06 v6.83m Hyperref driver for pdfTeX
\Fld@listcount=\count127
\c@bookmark@seq@number=\count128
\Hy@SectionHShift=\skip48
) (/home/raaj/adapfusion/tex/cvpr.aux)
\openout1 = `cvpr.aux'.

LaTeX Font Info:    Checking defaults for OML/cmm/m/it on input line 33.
LaTeX Font Info:    ... okay on input line 33.
LaTeX Font Info:    Checking defaults for T1/cmr/m/n on input line 33.
LaTeX Font Info:    ... okay on input line 33.
LaTeX Font Info:    Checking defaults for OT1/cmr/m/n on input line 33.
LaTeX Font Info:    ... okay on input line 33.
LaTeX Font Info:    Checking defaults for OMS/cmsy/m/n on input line 33.
LaTeX Font Info:    ... okay on input line 33.
LaTeX Font Info:    Checking defaults for OMX/cmex/m/n on input line 33.
LaTeX Font Info:    ... okay on input line 33.
LaTeX Font Info:    Checking defaults for U/cmr/m/n on input line 33.
LaTeX Font Info:    ... okay on input line 33.
LaTeX Font Info:    Checking defaults for PD1/pdf/m/n on input line 33.
LaTeX Font Info:    ... okay on input line 33.
LaTeX Font Info:    Try loading font information for OT1+ptm on input line 33.
 (/usr/share/texlive/texmf-dist/tex/latex/psnfss/ot1ptm.fd
File: ot1ptm.fd 2001/06/04 font definitions for OT1/ptm.
) ABD: EveryShipout initializing macros (/usr/share/texlive/texmf-dist/tex/latex/graphics/color.sty
Package: color 2016/01/03 v1.1b Standard LaTeX Color (DPC)
 (/usr/share/texlive/texmf-dist/tex/latex/latexconfig/color.cfg
File: color.cfg 2007/01/18 v1.5 color configuration of teTeX/TeXLive
)
Package color Info: Driver file: pdftex.def on input line 143.
) (/usr/share/texlive/texmf-dist/tex/latex/eepic/epic.sty
Enhancements to Picture Environment. Version 1.2 - Released June 1, 1986
\@@multicnt=\count129
\d@lta=\count130
\@delta=\dimen130
\@@delta=\dimen131
\@gridcnt=\count131
\@joinkind=\count132
\@dotgap=\dimen132
\@ddotgap=\dimen133
\@x@diff=\count133
\@y@diff=\count134
\x@diff=\dimen134
\y@diff=\dimen135
\@dotbox=\box30
\num@segments=\count135
\num@segmentsi=\count136
\@datafile=\read1
) (/usr/share/texlive/texmf-dist/tex/context/base/supp-pdf.mkii
[Loading MPS to PDF converter (version 2006.09.02).]
\scratchcounter=\count137
\scratchdimen=\dimen136
\scratchbox=\box31
\nofMPsegments=\count138
\nofMParguments=\count139
\everyMPshowfont=\toks28
\MPscratchCnt=\count140
\MPscratchDim=\dimen137
\MPnumerator=\count141
\makeMPintoPDFobject=\count142
\everyMPtoPDFconversion=\toks29
) (/usr/share/texlive/texmf-dist/tex/latex/oberdiek/epstopdf-base.sty
Package: epstopdf-base 2010/02/09 v2.5 Base part for package epstopdf
 (/usr/share/texlive/texmf-dist/tex/latex/oberdiek/grfext.sty
Package: grfext 2010/08/19 v1.1 Manage graphics extensions (HO)
)
Package grfext Info: Graphics extension search list:
(grfext)             [.png,.pdf,.jpg,.mps,.jpeg,.jbig2,.jb2,.PNG,.PDF,.JPG,.JPEG,.JBIG2,.JB2,.eps]
(grfext)             \AppendGraphicsExtensions on input line 452.
 (/usr/share/texlive/texmf-dist/tex/latex/latexconfig/epstopdf-sys.cfg
File: epstopdf-sys.cfg 2010/07/13 v1.3 Configuration of (r)epstopdf for TeX Live
))
Package caption Info: Begin \AtBeginDocument code.
Package caption Info: hyperref package is loaded.
Package caption Info: End \AtBeginDocument code.
LaTeX Info: Redefining \celsius on input line 33.
Package gensymb Info: Faking symbols for \degree and \celsius on input line 33.


Package gensymb Warning: Not defining \perthousand.

LaTeX Info: Redefining \ohm on input line 33.
Package gensymb Info: Using \Omega for \ohm on input line 33.

Package gensymb Warning: Not defining \micro.

\AtBeginShipoutBox=\box32
Package atbegshi Info: Package `everyshi' patched.
Package hyperref Info: Link coloring ON on input line 33.
(/usr/share/texlive/texmf-dist/tex/latex/hyperref/nameref.sty
Package: nameref 2012/10/27 v2.43 Cross-referencing by name of section
 (/usr/share/texlive/texmf-dist/tex/generic/oberdiek/gettitlestring.sty
Package: gettitlestring 2010/12/03 v1.4 Cleanup title references (HO)
)
\c@section@level=\count143
)
LaTeX Info: Redefining \ref on input line 33.
LaTeX Info: Redefining \pageref on input line 33.
LaTeX Info: Redefining \nameref on input line 33.
LaTeX Font Info:    Font shape `OT1/ptm/bx/n' in size <14.4> not available
(Font)              Font shape `OT1/ptm/b/n' tried instead on input line 49.
LaTeX Font Info:    Try loading font information for U+msa on input line 49.
 (/usr/share/texlive/texmf-dist/tex/latex/amsfonts/umsa.fd
File: umsa.fd 2013/01/14 v3.01 AMS symbols A
)
LaTeX Font Info:    Try loading font information for U+msb on input line 49.
 (/usr/share/texlive/texmf-dist/tex/latex/amsfonts/umsb.fd
File: umsb.fd 2013/01/14 v3.01 AMS symbols B
)

pdfTeX warning: pdflatex (file /home/raaj/adapfusion/tex/figures/banner.pdf): PDF inclusion: found PDF version <1.7>, but at most version <1.5> allowed
<figures/banner.pdf, id=4, 867.24pt x 216.81pt>
File: figures/banner.pdf Graphic file (type pdf)
 <use figures/banner.pdf>
Package pdftex.def Info: figures/banner.pdf used on input line 49.
(pdftex.def)             Requested size: 496.85625pt x 124.21484pt.


Package caption Warning: The option `hypcap=true' will be ignored for this
(caption)                particular \caption on input line 49.
See the caption package documentation for explanation.

LaTeX Font Info:    Font shape `OT1/ptm/bx/n' in size <12> not available
(Font)              Font shape `OT1/ptm/b/n' tried instead on input line 51.
(/home/raaj/adapfusion/tex/prior_work.tex
LaTeX Font Info:    Font shape `OT1/ptm/bx/n' in size <10> not available
(Font)              Font shape `OT1/ptm/b/n' tried instead on input line 4.
LaTeX Font Info:    Try loading font information for OT1+phv on input line 4.
 (/usr/share/texlive/texmf-dist/tex/latex/psnfss/ot1phv.fd
File: ot1phv.fd 2001/06/04 scalable font definitions for OT1/phv.
) [1{/var/lib/texmf/fonts/map/pdftex/updmap/pdftex.map}


 </home/raaj/adapfusion/tex/figures/banner.pdf>]) (/home/raaj/adapfusion/tex/sensor_setup.tex

pdfTeX warning: pdflatex (file /home/raaj/adapfusion/tex/figures/LC.pdf): PDF inclusion: found PDF version <1.7>, but at most version <1.5> allowed
<figures/LC.pdf, id=40, 529.98pt x 472.164pt>
File: figures/LC.pdf Graphic file (type pdf)
 <use figures/LC.pdf>
Package pdftex.def Info: figures/LC.pdf used on input line 10.
(pdftex.def)             Requested size: 248.42812pt x 221.32632pt.

Overfull \hbox (11.29218pt too wide) in paragraph at lines 8--17
 []$[]$ 
 []

<figures/sim.png, id=41, 907.39pt x 314.17375pt>
File: figures/sim.png Graphic file (type png)
 <use figures/sim.png>
Package pdftex.def Info: figures/sim.png used on input line 28.
(pdftex.def)             Requested size: 248.42812pt x 86.01213pt.

Overfull \hbox (11.29218pt too wide) in paragraph at lines 26--31
 []$[]$ 
 []



pdfTeX warning: pdflatex (file /home/raaj/adapfusion/tex/figures/array.pdf): PDF inclusion: found PDF version <1.7>, but at most version <1.5> allowed
<figures/array.pdf, id=42, 963.6pt x 542.025pt>
File: figures/array.pdf Graphic file (type pdf)
 <use figures/array.pdf>
Package pdftex.def Info: figures/array.pdf used on input line 42.
(pdftex.def)             Requested size: 248.42812pt x 139.74046pt.

Overfull \hbox (11.29218pt too wide) in paragraph at lines 40--45
 []$[]$ 
 []

) (/home/raaj/adapfusion/tex/formulation.tex [2 </home/raaj/adapfusion/tex/figures/LC.pdf> </home/raaj/adapfusion/tex/figures/sim.png> </home/raaj/adapfusion/tex/figures/array.pdf>]

pdfTeX warning: pdflatex (file /home/raaj/adapfusion/tex/figures/bev.pdf): PDF inclusion: found PDF version <1.7>, but at most version <1.5> allowed
<figures/bev.pdf, id=191, 552.8655pt x 190.311pt>
File: figures/bev.pdf Graphic file (type pdf)
 <use figures/bev.pdf>
Package pdftex.def Info: figures/bev.pdf used on input line 34.
(pdftex.def)             Requested size: 248.42812pt x 85.51428pt.

Overfull \hbox (11.29218pt too wide) in paragraph at lines 32--37
 []$[]$ 
 []



pdfTeX warning: pdflatex (file /home/raaj/adapfusion/tex/figures/planner.pdf): PDF inclusion: found PDF version <1.7>, but at most version <1.5> allowed
<figures/planner.pdf, id=192, 721.49548pt x 269.80798pt>
File: figures/planner.pdf Graphic file (type pdf)
 <use figures/planner.pdf>
Package pdftex.def Info: figures/planner.pdf used on input line 55.
(pdftex.def)             Requested size: 248.42812pt x 92.89859pt.

Overfull \hbox (11.29218pt too wide) in paragraph at lines 53--58
 []$[]$ 
 []



pdfTeX warning: pdflatex (file /home/raaj/adapfusion/tex/figures/fields.pdf): PDF inclusion: found PDF version <1.7>, but at most version <1.5> allowed
<figures/fields.pdf, id=193, 416.75702pt x 155.38051pt>
File: figures/fields.pdf Graphic file (type pdf)
 <use figures/fields.pdf>
Package pdftex.def Info: figures/fields.pdf used on input line 67.
(pdftex.def)             Requested size: 248.42812pt x 92.62206pt.

Overfull \hbox (11.29218pt too wide) in paragraph at lines 65--70
 []$[]$ 
 []


LaTeX Warning: `h' float specifier changed to `ht'.

LaTeX Font Info:    Font shape `OT1/ptm/bx/n' in size <9> not available
(Font)              Font shape `OT1/ptm/b/n' tried instead on input line 80.
[3 </home/raaj/adapfusion/tex/figures/bev.pdf> </home/raaj/adapfusion/tex/figures/planner.pdf>] <figures/graphs.png, id=250, 1279.78125pt x 678.535pt>
File: figures/graphs.png Graphic file (type png)
 <use figures/graphs.png>
Package pdftex.def Info: figures/graphs.png used on input line 102.
(pdftex.def)             Requested size: 248.42812pt x 131.7081pt.

Overfull \hbox (11.29218pt too wide) in paragraph at lines 100--105
 []$[]$ 
 []


LaTeX Warning: `h' float specifier changed to `ht'.

) (/home/raaj/adapfusion/tex/lc_only_exp.tex <figures/exp.png, id=252, 1033.8625pt x 251.94125pt>
File: figures/exp.png Graphic file (type png)
 <use figures/exp.png>
Package pdftex.def Info: figures/exp.png used on input line 10.
(pdftex.def)             Requested size: 248.42812pt x 60.53633pt.

Overfull \hbox (11.29218pt too wide) in paragraph at lines 8--13
 []$[]$ 
 []

<figures/sweep.png, id=253, 669.50125pt x 473.77pt>
File: figures/sweep.png Graphic file (type png)
 <use figures/sweep.png>
Package pdftex.def Info: figures/sweep.png used on input line 23.
(pdftex.def)             Requested size: 248.42812pt x 175.79819pt.

Overfull \hbox (11.29218pt too wide) in paragraph at lines 21--26
 []$[]$ 
 []


LaTeX Warning: `h' float specifier changed to `ht'.

[4 </home/raaj/adapfusion/tex/figures/fields.pdf> </home/raaj/adapfusion/tex/figures/graphs.png> </home/raaj/adapfusion/tex/figures/exp.png>] <figures/Figure_0.pdf, id=300, 462.52798pt x 346.89601pt>
File: figures/Figure_0.pdf Graphic file (type pdf)
 <use figures/Figure_0.pdf>
Package pdftex.def Info: figures/Figure_0.pdf used on input line 75.
(pdftex.def)             Requested size: 121.73114pt x 91.2971pt.
 <figures/Figure_1.pdf, id=301, 462.52798pt x 346.89601pt>
File: figures/Figure_1.pdf Graphic file (type pdf)
 <use figures/Figure_1.pdf>
Package pdftex.def Info: figures/Figure_1.pdf used on input line 76.
(pdftex.def)             Requested size: 121.73114pt x 91.2971pt.

Overfull \hbox (11.29218pt too wide) in paragraph at lines 73--79
 []$[]$ 
 []


LaTeX Warning: `h' float specifier changed to `ht'.

<figures/InvGau.png, id=302, 595.22375pt x 797.98125pt>
File: figures/InvGau.png Graphic file (type png)
 <use figures/InvGau.png>
Package pdftex.def Info: figures/InvGau.png used on input line 87.
(pdftex.def)             Requested size: 121.73114pt x 163.19757pt.
 <figures/Uniform.png, id=303, 591.20876pt x 793.96625pt>
File: figures/Uniform.png Graphic file (type png)
 <use figures/Uniform.png>
Package pdftex.def Info: figures/Uniform.png used on input line 88.
(pdftex.def)             Requested size: 121.73114pt x 163.47891pt.

Overfull \hbox (11.29218pt too wide) in paragraph at lines 85--91
 []$[]$ 
 []


LaTeX Warning: `h' float specifier changed to `ht'.

<figures/Figure_3.pdf, id=305, 462.52798pt x 346.89601pt>
File: figures/Figure_3.pdf Graphic file (type pdf)
 <use figures/Figure_3.pdf>
Package pdftex.def Info: figures/Figure_3.pdf used on input line 101.
(pdftex.def)             Requested size: 121.73114pt x 91.2971pt.
 <figures/Figure_4.pdf, id=306, 462.52798pt x 346.89601pt>
File: figures/Figure_4.pdf Graphic file (type pdf)
 <use figures/Figure_4.pdf>
Package pdftex.def Info: figures/Figure_4.pdf used on input line 102.
(pdftex.def)             Requested size: 121.73114pt x 91.2971pt.

Overfull \hbox (11.29218pt too wide) in paragraph at lines 99--105
 []$[]$ 
 []


LaTeX Warning: `h' float specifier changed to `ht'.

) (/home/raaj/adapfusion/tex/network_arch.tex

pdfTeX warning: pdflatex (file /home/raaj/adapfusion/tex/figures/network.pdf): PDF inclusion: found PDF version <1.7>, but at most version <1.5> allowed
<figures/network.pdf, id=307, 862.90881pt x 160.23865pt>
File: figures/network.pdf Graphic file (type pdf)
 <use figures/network.pdf>
Package pdftex.def Info: figures/network.pdf used on input line 2.
(pdftex.def)             Requested size: 496.85625pt x 92.26364pt.
 [5 </home/raaj/adapfusion/tex/figures/sweep.png> </home/raaj/adapfusion/tex/figures/Figure_0.pdf> </home/raaj/adapfusion/tex/figures/Figure_1.pdf

pdfTeX warning: pdflatex (file /home/raaj/adapfusion/tex/figures/Figure_1.pdf): PDF inclusion: multiple pdfs with page group included in a single page
> </home/raaj/adapfusion/tex/figures/InvGau.png> </home/raaj/adapfusion/tex/figures/Uniform.png> </home/raaj/adapfusion/tex/figures/Figure_3.pdf

pdfTeX warning: pdflatex (file /home/raaj/adapfusion/tex/figures/Figure_3.pdf): PDF inclusion: multiple pdfs with page group included in a single page
> </home/raaj/adapfusion/tex/figures/Figure_4.pdf

pdfTeX warning: pdflatex (file /home/raaj/adapfusion/tex/figures/Figure_4.pdf): PDF inclusion: multiple pdfs with page group included in a single page
>] <figures/figure_X.pdf, id=504, 462.52798pt x 346.89601pt>
File: figures/figure_X.pdf Graphic file (type pdf)
 <use figures/figure_X.pdf>
Package pdftex.def Info: figures/figure_X.pdf used on input line 19.
(pdftex.def)             Requested size: 121.73114pt x 91.2971pt.
 <figures/placement3.png, id=505, 361.35pt x 483.8075pt>
File: figures/placement3.png Graphic file (type png)
 <use figures/placement3.png>
Package pdftex.def Info: figures/placement3.png used on input line 20.
(pdftex.def)             Requested size: 72.04248pt x 96.4571pt.

Overfull \hbox (11.29218pt too wide) in paragraph at lines 17--23
 []$[]$ 
 []

[6 </home/raaj/adapfusion/tex/figures/network.pdf> </home/raaj/adapfusion/tex/figures/figure_X.pdf> </home/raaj/adapfusion/tex/figures/placement3.png>]) (/home/raaj/adapfusion/tex/cvpr.bbl (/home/raaj/adapfusion/tex/cvpr.brf)
\tf@brf=\write3
\openout3 = `cvpr.brf'.

)
Package atveryend Info: Empty hook `BeforeClearDocument' on input line 118.
 [7

]
Package atveryend Info: Empty hook `AfterLastShipout' on input line 118.
 (/home/raaj/adapfusion/tex/cvpr.aux)
Package atveryend Info: Executing hook `AtVeryEndDocument' on input line 118.
Package atveryend Info: Executing hook `AtEndAfterFileList' on input line 118.
Package rerunfilecheck Info: File `cvpr.brf' has not changed.
(rerunfilecheck)             Checksum: E582F5D09DA85DC7A36991405CAA4C17;202.
 ) 
Here is how much of TeX's memory you used:
 8367 strings out of 494953
 124719 string characters out of 6180978
 225939 words of memory out of 5000000
 11410 multiletter control sequences out of 15000+600000
 39685 words of font info for 91 fonts, out of 8000000 for 9000
 14 hyphenation exceptions out of 8191
 39i,14n,40p,1060b,358s stack positions out of 5000i,500n,10000p,200000b,80000s
{/usr/share/texlive/texmf-dist/fonts/enc/dvips/base/8r.enc}</usr/share/texlive/texmf-dist/fonts/type1/public/amsfonts/cm/cmbx10.pfb></usr/share/texlive/texmf-dist/fonts/type1/public/amsfonts/cm/cmbx5.pfb></usr/share/texlive/texmf-dist/fonts/type1/public/amsfonts/cm/cmbx7.pfb></usr/share/texlive/texmf-dist/fonts/type1/public/amsfonts/cm/cmbx9.pfb></usr/share/texlive/texmf-dist/fonts/type1/public/amsfonts/cm/cmex10.pfb></usr/share/texlive/texmf-dist/fonts/type1/public/amsfonts/cmextra/cmex9.pfb></usr/share/texlive/texmf-dist/fonts/type1/public/amsfonts/cm/cmmi10.pfb></usr/share/texlive/texmf-dist/fonts/type1/public/amsfonts/cm/cmmi5.pfb></usr/share/texlive/texmf-dist/fonts/type1/public/amsfonts/cm/cmmi6.pfb></usr/share/texlive/texmf-dist/fonts/type1/public/amsfonts/cm/cmmi7.pfb></usr/share/texlive/texmf-dist/fonts/type1/public/amsfonts/cm/cmmi9.pfb></usr/share/texlive/texmf-dist/fonts/type1/public/amsfonts/cm/cmr10.pfb></usr/share/texlive/texmf-dist/fonts/type1/public/amsfonts/cm/cmr5.pfb></usr/share/texlive/texmf-dist/fonts/type1/public/amsfonts/cm/cmr6.pfb></usr/share/texlive/texmf-dist/fonts/type1/public/amsfonts/cm/cmr7.pfb></usr/share/texlive/texmf-dist/fonts/type1/public/amsfonts/cm/cmr9.pfb></usr/share/texlive/texmf-dist/fonts/type1/public/amsfonts/cm/cmsy10.pfb></usr/share/texlive/texmf-dist/fonts/type1/public/amsfonts/cm/cmsy6.pfb></usr/share/texlive/texmf-dist/fonts/type1/public/amsfonts/cm/cmsy7.pfb></usr/share/texlive/texmf-dist/fonts/type1/public/amsfonts/cm/cmsy9.pfb></usr/share/texlive/texmf-dist/fonts/type1/public/amsfonts/cm/cmti7.pfb></usr/share/texlive/texmf-dist/fonts/type1/public/amsfonts/symbols/msbm10.pfb></usr/share/texlive/texmf-dist/fonts/type1/public/amsfonts/symbols/msbm7.pfb></usr/share/texlive/texmf-dist/fonts/type1/urw/helvetic/uhvb8a.pfb></usr/share/texlive/texmf-dist/fonts/type1/urw/helvetic/uhvr8a.pfb></usr/share/texlive/texmf-dist/fonts/type1/urw/times/utmb8a.pfb></usr/share/texlive/texmf-dist/fonts/type1/urw/times/utmr8a.pfb></usr/share/texlive/texmf-dist/fonts/type1/urw/times/utmri8a.pfb>
Output written on /home/raaj/adapfusion/tex/cvpr.pdf (7 pages, 4103900 bytes).
PDF statistics:
 725 PDF objects out of 1000 (max. 8388607)
 281 compressed objects within 3 object streams
 61 named destinations out of 1000 (max. 500000)
 96 words of extra memory for PDF output out of 10000 (max. 10000000)

